<?xml version="1.0" encoding="UTF-8"?>
<testsuite xmlns:xsi="http://www.w3.org/2001/XMLSchema-instance" xsi:noNamespaceSchemaLocation="https://maven.apache.org/surefire/maven-surefire-plugin/xsd/surefire-test-report-3.0.xsd" version="3.0" name="TestSuite" time="57.733" tests="18" errors="0" skipped="0" failures="0">
  <properties>
    <property name="java.specification.version" value="21"/>
    <property name="sun.cpu.isalist" value="amd64"/>
    <property name="sun.jnu.encoding" value="Cp1252"/>
    <property name="java.class.path" value="C:\Users\moham\Downloads\Restful-Booker-Project\Restful-Booker-Project\test_outputs\target\test-classes;C:\Users\moham\Downloads\Restful-Booker-Project\Restful-Booker-Project\test_outputs\target\classes;C:\Users\moham\.m2\repository\io\rest-assured\rest-assured\5.4.0\rest-assured-5.4.0.jar;C:\Users\moham\.m2\repository\org\apache\groovy\groovy\4.0.16\groovy-4.0.16.jar;C:\Users\moham\.m2\repository\org\apache\groovy\groovy-xml\4.0.16\groovy-xml-4.0.16.jar;C:\Users\moham\.m2\repository\org\apache\httpcomponents\httpclient\4.5.13\httpclient-4.5.13.jar;C:\Users\moham\.m2\repository\org\apache\httpcomponents\httpcore\4.4.13\httpcore-4.4.13.jar;C:\Users\moham\.m2\repository\commons-logging\commons-logging\1.2\commons-logging-1.2.jar;C:\Users\moham\.m2\repository\commons-codec\commons-codec\1.11\commons-codec-1.11.jar;C:\Users\moham\.m2\repository\org\apache\httpcomponents\httpmime\4.5.13\httpmime-4.5.13.jar;C:\Users\moham\.m2\repository\org\hamcrest\hamcrest\2.2\hamcrest-2.2.jar;C:\Users\moham\.m2\repository\org\ccil\cowan\tagsoup\tagsoup\1.2.1\tagsoup-1.2.1.jar;C:\Users\moham\.m2\repository\io\rest-assured\json-path\5.4.0\json-path-5.4.0.jar;C:\Users\moham\.m2\repository\org\apache\groovy\groovy-json\4.0.16\groovy-json-4.0.16.jar;C:\Users\moham\.m2\repository\io\rest-assured\rest-assured-common\5.4.0\rest-assured-common-5.4.0.jar;C:\Users\moham\.m2\repository\io\rest-assured\xml-path\5.4.0\xml-path-5.4.0.jar;C:\Users\moham\.m2\repository\org\apache\commons\commons-lang3\3.11\commons-lang3-3.11.jar;C:\Users\moham\.m2\repository\io\rest-assured\json-schema-validator\5.4.0\json-schema-validator-5.4.0.jar;C:\Users\moham\.m2\repository\com\github\java-json-tools\json-schema-validator\2.2.14\json-schema-validator-2.2.14.jar;C:\Users\moham\.m2\repository\com\github\java-json-tools\jackson-coreutils-equivalence\1.0\jackson-coreutils-equivalence-1.0.jar;C:\Users\moham\.m2\repository\com\fasterxml\jackson\core\jackson-databind\2.11.0\jackson-databind-2.11.0.jar;C:\Users\moham\.m2\repository\com\fasterxml\jackson\core\jackson-annotations\2.11.0\jackson-annotations-2.11.0.jar;C:\Users\moham\.m2\repository\com\fasterxml\jackson\core\jackson-core\2.11.0\jackson-core-2.11.0.jar;C:\Users\moham\.m2\repository\com\github\java-json-tools\jackson-coreutils\2.0\jackson-coreutils-2.0.jar;C:\Users\moham\.m2\repository\com\github\java-json-tools\msg-simple\1.2\msg-simple-1.2.jar;C:\Users\moham\.m2\repository\com\github\java-json-tools\btf\1.3\btf-1.3.jar;C:\Users\moham\.m2\repository\com\github\java-json-tools\json-schema-core\1.2.14\json-schema-core-1.2.14.jar;C:\Users\moham\.m2\repository\com\github\java-json-tools\uri-template\0.10\uri-template-0.10.jar;C:\Users\moham\.m2\repository\org\mozilla\rhino\1.7.7.2\rhino-1.7.7.2.jar;C:\Users\moham\.m2\repository\com\sun\mail\mailapi\1.6.2\mailapi-1.6.2.jar;C:\Users\moham\.m2\repository\joda-time\joda-time\2.10.5\joda-time-2.10.5.jar;C:\Users\moham\.m2\repository\com\googlecode\libphonenumber\libphonenumber\8.11.1\libphonenumber-8.11.1.jar;C:\Users\moham\.m2\repository\com\google\code\findbugs\jsr305\3.0.2\jsr305-3.0.2.jar;C:\Users\moham\.m2\repository\net\sf\jopt-simple\jopt-simple\5.0.4\jopt-simple-5.0.4.jar;C:\Users\moham\.m2\repository\com\google\guava\guava\32.0.1-jre\guava-32.0.1-jre.jar;C:\Users\moham\.m2\repository\com\google\guava\failureaccess\1.0.1\failureaccess-1.0.1.jar;C:\Users\moham\.m2\repository\com\google\guava\listenablefuture\9999.0-empty-to-avoid-conflict-with-guava\listenablefuture-9999.0-empty-to-avoid-conflict-with-guava.jar;C:\Users\moham\.m2\repository\org\checkerframework\checker-qual\3.33.0\checker-qual-3.33.0.jar;C:\Users\moham\.m2\repository\com\google\j2objc\j2objc-annotations\2.8\j2objc-annotations-2.8.jar;C:\Users\moham\.m2\repository\org\testng\testng\7.10.2\testng-7.10.2.jar;C:\Users\moham\.m2\repository\org\slf4j\slf4j-api\1.7.36\slf4j-api-1.7.36.jar;C:\Users\moham\.m2\repository\com\beust\jcommander\1.82\jcommander-1.82.jar;C:\Users\moham\.m2\repository\org\webjars\jquery\3.7.1\jquery-3.7.1.jar;C:\Users\moham\.m2\repository\io\qameta\allure\allure-testng\2.29.0\allure-testng-2.29.0.jar;C:\Users\moham\.m2\repository\io\qameta\allure\allure-java-commons\2.29.0\allure-java-commons-2.29.0.jar;C:\Users\moham\.m2\repository\io\qameta\allure\allure-model\2.29.0\allure-model-2.29.0.jar;C:\Users\moham\.m2\repository\io\qameta\allure\allure-test-filter\2.29.0\allure-test-filter-2.29.0.jar;C:\Users\moham\.m2\repository\com\google\code\gson\gson\2.11.0\gson-2.11.0.jar;C:\Users\moham\.m2\repository\com\google\errorprone\error_prone_annotations\2.27.0\error_prone_annotations-2.27.0.jar;C:\Users\moham\.m2\repository\org\apache\logging\log4j\log4j-api\2.23.1\log4j-api-2.23.1.jar;C:\Users\moham\.m2\repository\org\apache\logging\log4j\log4j-core\2.23.1\log4j-core-2.23.1.jar;"/>
    <property name="java.vm.vendor" value="Oracle Corporation"/>
    <property name="sun.arch.data.model" value="64"/>
    <property name="user.variant" value=""/>
    <property name="java.vendor.url" value="https://java.oracle.com/"/>
    <property name="user.timezone" value="Africa/Cairo"/>
    <property name="os.name" value="Windows 11"/>
    <property name="java.vm.specification.version" value="21"/>
    <property name="sun.java.launcher" value="SUN_STANDARD"/>
    <property name="user.country" value="US"/>
    <property name="sun.boot.library.path" value="C:\Program Files\Java\jdk-21\bin"/>
    <property name="sun.java.command" value="C:\Users\moham\AppData\Local\Temp\surefire16886130337776349774\surefirebooter-20250817155220220_3.jar C:\Users\moham\AppData\Local\Temp\surefire16886130337776349774 2025-08-17T15-52-20_079-jvmRun1 surefire-20250817155220220_1tmp surefire_0-20250817155220220_2tmp"/>
    <property name="jdk.debug" value="release"/>
    <property name="surefire.test.class.path" value="C:\Users\moham\Downloads\Restful-Booker-Project\Restful-Booker-Project\test_outputs\target\test-classes;C:\Users\moham\Downloads\Restful-Booker-Project\Restful-Booker-Project\test_outputs\target\classes;C:\Users\moham\.m2\repository\io\rest-assured\rest-assured\5.4.0\rest-assured-5.4.0.jar;C:\Users\moham\.m2\repository\org\apache\groovy\groovy\4.0.16\groovy-4.0.16.jar;C:\Users\moham\.m2\repository\org\apache\groovy\groovy-xml\4.0.16\groovy-xml-4.0.16.jar;C:\Users\moham\.m2\repository\org\apache\httpcomponents\httpclient\4.5.13\httpclient-4.5.13.jar;C:\Users\moham\.m2\repository\org\apache\httpcomponents\httpcore\4.4.13\httpcore-4.4.13.jar;C:\Users\moham\.m2\repository\commons-logging\commons-logging\1.2\commons-logging-1.2.jar;C:\Users\moham\.m2\repository\commons-codec\commons-codec\1.11\commons-codec-1.11.jar;C:\Users\moham\.m2\repository\org\apache\httpcomponents\httpmime\4.5.13\httpmime-4.5.13.jar;C:\Users\moham\.m2\repository\org\hamcrest\hamcrest\2.2\hamcrest-2.2.jar;C:\Users\moham\.m2\repository\org\ccil\cowan\tagsoup\tagsoup\1.2.1\tagsoup-1.2.1.jar;C:\Users\moham\.m2\repository\io\rest-assured\json-path\5.4.0\json-path-5.4.0.jar;C:\Users\moham\.m2\repository\org\apache\groovy\groovy-json\4.0.16\groovy-json-4.0.16.jar;C:\Users\moham\.m2\repository\io\rest-assured\rest-assured-common\5.4.0\rest-assured-common-5.4.0.jar;C:\Users\moham\.m2\repository\io\rest-assured\xml-path\5.4.0\xml-path-5.4.0.jar;C:\Users\moham\.m2\repository\org\apache\commons\commons-lang3\3.11\commons-lang3-3.11.jar;C:\Users\moham\.m2\repository\io\rest-assured\json-schema-validator\5.4.0\json-schema-validator-5.4.0.jar;C:\Users\moham\.m2\repository\com\github\java-json-tools\json-schema-validator\2.2.14\json-schema-validator-2.2.14.jar;C:\Users\moham\.m2\repository\com\github\java-json-tools\jackson-coreutils-equivalence\1.0\jackson-coreutils-equivalence-1.0.jar;C:\Users\moham\.m2\repository\com\fasterxml\jackson\core\jackson-databind\2.11.0\jackson-databind-2.11.0.jar;C:\Users\moham\.m2\repository\com\fasterxml\jackson\core\jackson-annotations\2.11.0\jackson-annotations-2.11.0.jar;C:\Users\moham\.m2\repository\com\fasterxml\jackson\core\jackson-core\2.11.0\jackson-core-2.11.0.jar;C:\Users\moham\.m2\repository\com\github\java-json-tools\jackson-coreutils\2.0\jackson-coreutils-2.0.jar;C:\Users\moham\.m2\repository\com\github\java-json-tools\msg-simple\1.2\msg-simple-1.2.jar;C:\Users\moham\.m2\repository\com\github\java-json-tools\btf\1.3\btf-1.3.jar;C:\Users\moham\.m2\repository\com\github\java-json-tools\json-schema-core\1.2.14\json-schema-core-1.2.14.jar;C:\Users\moham\.m2\repository\com\github\java-json-tools\uri-template\0.10\uri-template-0.10.jar;C:\Users\moham\.m2\repository\org\mozilla\rhino\1.7.7.2\rhino-1.7.7.2.jar;C:\Users\moham\.m2\repository\com\sun\mail\mailapi\1.6.2\mailapi-1.6.2.jar;C:\Users\moham\.m2\repository\joda-time\joda-time\2.10.5\joda-time-2.10.5.jar;C:\Users\moham\.m2\repository\com\googlecode\libphonenumber\libphonenumber\8.11.1\libphonenumber-8.11.1.jar;C:\Users\moham\.m2\repository\com\google\code\findbugs\jsr305\3.0.2\jsr305-3.0.2.jar;C:\Users\moham\.m2\repository\net\sf\jopt-simple\jopt-simple\5.0.4\jopt-simple-5.0.4.jar;C:\Users\moham\.m2\repository\com\google\guava\guava\32.0.1-jre\guava-32.0.1-jre.jar;C:\Users\moham\.m2\repository\com\google\guava\failureaccess\1.0.1\failureaccess-1.0.1.jar;C:\Users\moham\.m2\repository\com\google\guava\listenablefuture\9999.0-empty-to-avoid-conflict-with-guava\listenablefuture-9999.0-empty-to-avoid-conflict-with-guava.jar;C:\Users\moham\.m2\repository\org\checkerframework\checker-qual\3.33.0\checker-qual-3.33.0.jar;C:\Users\moham\.m2\repository\com\google\j2objc\j2objc-annotations\2.8\j2objc-annotations-2.8.jar;C:\Users\moham\.m2\repository\org\testng\testng\7.10.2\testng-7.10.2.jar;C:\Users\moham\.m2\repository\org\slf4j\slf4j-api\1.7.36\slf4j-api-1.7.36.jar;C:\Users\moham\.m2\repository\com\beust\jcommander\1.82\jcommander-1.82.jar;C:\Users\moham\.m2\repository\org\webjars\jquery\3.7.1\jquery-3.7.1.jar;C:\Users\moham\.m2\repository\io\qameta\allure\allure-testng\2.29.0\allure-testng-2.29.0.jar;C:\Users\moham\.m2\repository\io\qameta\allure\allure-java-commons\2.29.0\allure-java-commons-2.29.0.jar;C:\Users\moham\.m2\repository\io\qameta\allure\allure-model\2.29.0\allure-model-2.29.0.jar;C:\Users\moham\.m2\repository\io\qameta\allure\allure-test-filter\2.29.0\allure-test-filter-2.29.0.jar;C:\Users\moham\.m2\repository\com\google\code\gson\gson\2.11.0\gson-2.11.0.jar;C:\Users\moham\.m2\repository\com\google\errorprone\error_prone_annotations\2.27.0\error_prone_annotations-2.27.0.jar;C:\Users\moham\.m2\repository\org\apache\logging\log4j\log4j-api\2.23.1\log4j-api-2.23.1.jar;C:\Users\moham\.m2\repository\org\apache\logging\log4j\log4j-core\2.23.1\log4j-core-2.23.1.jar;"/>
    <property name="sun.cpu.endian" value="little"/>
    <property name="user.home" value="C:\Users\moham"/>
    <property name="user.language" value="en"/>
    <property name="java.specification.vendor" value="Oracle Corporation"/>
    <property name="java.version.date" value="2025-07-15"/>
    <property name="java.home" value="C:\Program Files\Java\jdk-21"/>
    <property name="file.separator" value="\"/>
    <property name="basedir" value="C:\Users\moham\Downloads\Restful-Booker-Project\Restful-Booker-Project"/>
    <property name="java.vm.compressedOopsMode" value="32-bit"/>
    <property name="line.separator" value="&#10;"/>
    <property name="java.vm.specification.vendor" value="Oracle Corporation"/>
    <property name="java.specification.name" value="Java Platform API Specification"/>
    <property name="surefire.real.class.path" value="C:\Users\moham\AppData\Local\Temp\surefire16886130337776349774\surefirebooter-20250817155220220_3.jar"/>
    <property name="user.script" value=""/>
    <property name="sun.management.compiler" value="HotSpot 64-Bit Tiered Compilers"/>
    <property name="java.runtime.version" value="21.0.8+12-LTS-250"/>
    <property name="user.name" value="moham"/>
    <property name="stdout.encoding" value="Cp1252"/>
    <property name="path.separator" value=";"/>
    <property name="os.version" value="10.0"/>
    <property name="java.runtime.name" value="Java(TM) SE Runtime Environment"/>
    <property name="file.encoding" value="UTF-8"/>
    <property name="java.vm.name" value="Java HotSpot(TM) 64-Bit Server VM"/>
    <property name="localRepository" value="C:\Users\moham\.m2\repository"/>
    <property name="java.vendor.url.bug" value="https://bugreport.java.com/bugreport/"/>
    <property name="java.io.tmpdir" value="C:\Users\moham\AppData\Local\Temp\"/>
    <property name="java.version" value="21.0.8"/>
    <property name="user.dir" value="C:\Users\moham\Downloads\Restful-Booker-Project\Restful-Booker-Project"/>
    <property name="os.arch" value="amd64"/>
    <property name="java.vm.specification.name" value="Java Virtual Machine Specification"/>
    <property name="sun.os.patch.level" value=""/>
    <property name="native.encoding" value="Cp1252"/>
    <property name="java.library.path" value="C:\Program Files\Java\jdk-21\bin;C:\WINDOWS\Sun\Java\bin;C:\WINDOWS\system32;C:\WINDOWS;C:\Program Files\Python39\Scripts\;C:\Program Files\Python39\;C:\Program Files (x86)\Python39-32\Scripts\;C:\Program Files (x86)\Python39-32\;C:\Windows\system32;C:\Windows;C:\Windows\System32\Wbem;C:\Windows\System32\WindowsPowerShell\v1.0\;C:\Windows\System32\OpenSSH\;C:\Program Files (x86)\NVIDIA Corporation\PhysX\Common;C:\Program Files\NVIDIA Corporation\NVIDIA NvDLISR;C:\WINDOWS\system32;C:\WINDOWS;C:\WINDOWS\System32\Wbem;C:\WINDOWS\System32\WindowsPowerShell\v1.0\;C:\WINDOWS\System32\OpenSSH\;C:\Program Files (x86)\Microsoft SQL Server\160\Tools\Binn\;C:\Program Files\Microsoft SQL Server\160\Tools\Binn\;C:\Program Files\Microsoft SQL Server\Client SDK\ODBC\170\Tools\Binn\;C:\Program Files\Microsoft SQL Server\160\DTS\Binn\;C:\Program Files (x86)\Microsoft SQL Server\160\DTS\Binn\;C:\Program Files\MySQL\MySQL Server 8.0\bin;C:\Program Files\nodejs\;C:\ProgramData\chocolatey\bin;C:\apache-maven-3.9.10\bin;C:\Program Files\Git\cmd;C:\xampp\php;C:\composer;C:\Program Files\Java\jdk-21\bin;C:\Program Files\Cloudflare\Cloudflare WARP\;C:\Users\moham\scoop\shims;C:\Program Files\MySQL\MySQL Shell 8.0\bin\;C:\Users\moham\AppData\Local\Programs\Python\Launcher\;C:\Users\moham\AppData\Local\Microsoft\WindowsApps;C:\Users\moham\AppData\Local\Programs\Microsoft VS Code\bin;C:\Users\moham\AppData\Local\Programs\Python\Python313\Scripts;C:\Users\moham\AppData\Local\Programs\Python\Python313;C:\Users\moham\AppData\Local\Programs\Python\Python313\Lib\site-packages;C:\ProgramData\Microsoft\Windows\Start Menu\Programs\Python 3.9;D:\ffmpeg-7.1.1-essentials_build\bin;C:\Users\moham\AppData\Roaming\npm;C:\Users\moham\AppData\Roaming\Composer\vendor\bin;C:\Program Files\Java\jdk-21\bin;;."/>
    <property name="java.vm.info" value="mixed mode, sharing"/>
    <property name="stderr.encoding" value="Cp1252"/>
    <property name="java.vendor" value="Oracle Corporation"/>
    <property name="java.vm.version" value="21.0.8+12-LTS-250"/>
    <property name="sun.io.unicode.encoding" value="UnicodeLittle"/>
    <property name="java.class.version" value="65.0"/>
  </properties>
  <testcase name="testCreateToken" classname="com.example.apitesting.tests.apis.AuthTests" time="17.785">
    <system-out><![CDATA[15:52:24.866 [main] INFO  Listeners.IInvokedMethodListenerImpl - Starting test method: setup
15:52:25.626 [main] INFO  Listeners.ITest - Test Case testCreateToken started
15:52:25.626 [main] INFO  Listeners.IInvokedMethodListenerImpl - Starting test method: testCreateToken
15:52:25.644 [main] INFO  com.example.apitesting.api.RestClient - Sending POST request to: /auth with body: com.example.apitesting.models.Auth@5b1f5fcc
Request method:	POST
Request URI:	https://restful-booker.herokuapp.com/auth
Proxy:			<none>
Request params:	<none>
Query params:	<none>
Form params:	<none>
Path params:	<none>
Headers:		Accept=*/*
				Content-Type=application/json
Cookies:		<none>
Multiparts:		<none>
Body:
{
    "username": "admin",
    "password": "password123"
}
15:52:41.506 [main] INFO  com.example.apitesting.api.RestClient - Received POST response: {"token":"9d02f243bc3fe57"}
15:52:43.263 [main] INFO  com.example.apitesting.tests.apis.AuthTests - Auth Token: 9d02f243bc3fe57
15:52:43.263 [main] INFO  com.example.apitesting.tests.apis.AuthTests - Response Body: {"token":"9d02f243bc3fe57"}
15:52:43.272 [main] INFO  Listeners.ITest - Test Case testCreateToken passed
]]></system-out>
    <system-err><![CDATA[SLF4J: Failed to load class "org.slf4j.impl.StaticLoggerBinder".
SLF4J: Defaulting to no-operation (NOP) logger implementation
SLF4J: See http://www.slf4j.org/codes.html#StaticLoggerBinder for further details.
]]></system-err>
  </testcase>
  <testcase name="testCreateBooking" classname="com.example.apitesting.tests.apis.CreateBookingTests" time="2.608">
    <system-out><![CDATA[15:52:43.387 [main] INFO  Listeners.ITest - Test Case testCreateBooking started
15:52:43.387 [main] INFO  Listeners.IInvokedMethodListenerImpl - Starting test method: testCreateBooking
15:52:43.404 [main] INFO  com.example.apitesting.api.RestClient - Sending POST request to: /booking with body: com.example.apitesting.models.Booking@21f3a99c
Request method:	POST
Request URI:	https://restful-booker.herokuapp.com/booking
Proxy:			<none>
Request params:	<none>
Query params:	<none>
Form params:	<none>
Path params:	<none>
Headers:		Accept=*/*
				Content-Type=application/json
Cookies:		<none>
Multiparts:		<none>
Body:
{
    "firstname": "Charlie",
    "lastname": "Brown",
    "totalprice": 667,
    "depositpaid": false,
    "bookingdates": {
        "checkin": "2025-08-17",
        "checkout": "2025-08-20"
    },
    "additionalneeds": "Breakfast"
}
15:52:45.843 [main] INFO  com.example.apitesting.api.RestClient - Received POST response: {"bookingid":1043,"booking":{"firstname":"Charlie","lastname":"Brown","totalprice":667,"depositpaid":false,"bookingdates":{"checkin":"2025-08-17","checkout":"2025-08-20"},"additionalneeds":"Breakfast"}}
15:52:45.981 [main] INFO  com.example.apitesting.tests.apis.CreateBookingTests - Created Booking ID: 1043
15:52:45.982 [main] INFO  com.example.apitesting.tests.apis.CreateBookingTests - Response Body: {"bookingid":1043,"booking":{"firstname":"Charlie","lastname":"Brown","totalprice":667,"depositpaid":false,"bookingdates":{"checkin":"2025-08-17","checkout":"2025-08-20"},"additionalneeds":"Breakfast"}}
15:52:45.984 [main] INFO  Listeners.ITest - Test Case testCreateBooking passed
]]></system-out>
  </testcase>
  <testcase name="testGetAllBookingIds" classname="com.example.apitesting.tests.apis.GetBookingTests" time="1.488">
    <system-out><![CDATA[15:52:45.992 [main] INFO  Listeners.IInvokedMethodListenerImpl - Starting test method: setupBooking
15:52:45.992 [main] INFO  com.example.apitesting.api.RestClient - Sending POST request to: /booking with body: com.example.apitesting.models.Booking@57064d38
Request method:	POST
Request URI:	https://restful-booker.herokuapp.com/booking
Proxy:			<none>
Request params:	<none>
Query params:	<none>
Form params:	<none>
Path params:	<none>
Headers:		Accept=*/*
				Content-Type=application/json
Cookies:		<none>
Multiparts:		<none>
Body:
{
    "firstname": "Charlie",
    "lastname": "Jones",
    "totalprice": 841,
    "depositpaid": true,
    "bookingdates": {
        "checkin": "2025-08-17",
        "checkout": "2025-08-20"
    },
    "additionalneeds": "Dinner"
}
15:52:46.912 [main] INFO  com.example.apitesting.api.RestClient - Received POST response: {"bookingid":1055,"booking":{"firstname":"Charlie","lastname":"Jones","totalprice":841,"depositpaid":true,"bookingdates":{"checkin":"2025-08-17","checkout":"2025-08-20"},"additionalneeds":"Dinner"}}
15:52:46.923 [main] INFO  com.example.apitesting.tests.apis.GetBookingTests - Setup: Created Booking ID: 1055
15:52:46.924 [main] INFO  com.example.apitesting.utils.TokenManager - Generating new authentication token...
15:52:46.925 [main] INFO  com.example.apitesting.api.RestClient - Sending POST request to: /auth with body: com.example.apitesting.models.Auth@76ad048a
Request method:	POST
Request URI:	https://restful-booker.herokuapp.com/auth
Proxy:			<none>
Request params:	<none>
Query params:	<none>
Form params:	<none>
Path params:	<none>
Headers:		Accept=*/*
				Content-Type=application/json
Cookies:		<none>
Multiparts:		<none>
Body:
{
    "username": "admin",
    "password": "password123"
}
15:52:48.012 [main] INFO  com.example.apitesting.api.RestClient - Received POST response: {"token":"badd78a20508161"}
15:52:48.020 [main] INFO  com.example.apitesting.utils.TokenManager - New token generated successfully.
15:52:48.021 [main] INFO  com.example.apitesting.tests.apis.GetBookingTests - Setup: Retrieved Token from TokenManager: badd78a20508161
15:52:48.023 [main] INFO  Listeners.ITest - Test Case testGetAllBookingIds started
15:52:48.024 [main] INFO  Listeners.IInvokedMethodListenerImpl - Starting test method: testGetAllBookingIds
15:52:48.024 [main] INFO  com.example.apitesting.api.RestClient - Sending GET request to: /booking
Request method:	GET
Request URI:	https://restful-booker.herokuapp.com/booking
Proxy:			<none>
Request params:	<none>
Query params:	<none>
Form params:	<none>
Path params:	<none>
Headers:		Accept=*/*
Cookies:		<none>
Multiparts:		<none>
Body:			<none>
15:52:49.375 [main] INFO  com.example.apitesting.api.RestClient - Received GET response: [{"bookingid":963},{"bookingid":527},{"bookingid":272},{"bookingid":1021},{"bookingid":995},{"bookingid":230},{"bookingid":576},{"bookingid":371},{"bookingid":797},{"bookingid":289},{"bookingid":19},{"bookingid":826},{"bookingid":3},{"bookingid":1058},{"bookingid":644},{"bookingid":435},{"bookingid":297},{"bookingid":451},{"bookingid":968},{"bookingid":930},{"bookingid":13},{"bookingid":262},{"bookingid":1031},{"bookingid":225},{"bookingid":500},{"bookingid":255},{"bookingid":679},{"bookingid":23},{"bookingid":456},{"bookingid":676},{"bookingid":27},{"bookingid":256},{"bookingid":571},{"bookingid":883},{"bookingid":767},{"bookingid":335},{"bookingid":651},{"bookingid":45},{"bookingid":903},{"bookingid":833},{"bookingid":751},{"bookingid":596},{"bookingid":281},{"bookingid":664},{"bookingid":695},{"bookingid":638},{"bookingid":44},{"bookingid":164},{"bookingid":984},{"bookingid":791},{"bookingid":49},{"bookingid":594},{"bookingid":299},{"bookingid":1014},{"bookingid":920},{"bookingid":818},{"bookingid":304},{"bookingid":1},{"bookingid":426},{"bookingid":5},{"bookingid":796},{"bookingid":1038},{"bookingid":845},{"bookingid":1008},{"bookingid":312},{"bookingid":959},{"bookingid":471},{"bookingid":455},{"bookingid":461},{"bookingid":449},{"bookingid":151},{"bookingid":91},{"bookingid":813},{"bookingid":350},{"bookingid":1003},{"bookingid":206},{"bookingid":197},{"bookingid":95},{"bookingid":868},{"bookingid":409},{"bookingid":1011},{"bookingid":1035},{"bookingid":324},{"bookingid":157},{"bookingid":181},{"bookingid":649},{"bookingid":1048},{"bookingid":693},{"bookingid":934},{"bookingid":584},{"bookingid":260},{"bookingid":541},{"bookingid":305},{"bookingid":33},{"bookingid":21},{"bookingid":512},{"bookingid":492},{"bookingid":134},{"bookingid":107},{"bookingid":901},{"bookingid":160},{"bookingid":65},{"bookingid":591},{"bookingid":656},{"bookingid":267},{"bookingid":671},{"bookingid":414},{"bookingid":109},{"bookingid":635},{"bookingid":975},{"bookingid":744},{"bookingid":211},{"bookingid":341},{"bookingid":17},{"bookingid":809},{"bookingid":358},{"bookingid":26},{"bookingid":689},{"bookingid":626},{"bookingid":834},{"bookingid":327},{"bookingid":878},{"bookingid":395},{"bookingid":223},{"bookingid":383},{"bookingid":469},{"bookingid":1065},{"bookingid":479},{"bookingid":94},{"bookingid":1053},{"bookingid":376},{"bookingid":116},{"bookingid":715},{"bookingid":578},{"bookingid":64},{"bookingid":242},{"bookingid":436},{"bookingid":700},{"bookingid":194},{"bookingid":830},{"bookingid":336},{"bookingid":235},{"bookingid":542},{"bookingid":142},{"bookingid":231},{"bookingid":987},{"bookingid":544},{"bookingid":973},{"bookingid":412},{"bookingid":470},{"bookingid":879},{"bookingid":931},{"bookingid":515},{"bookingid":954},{"bookingid":148},{"bookingid":616},{"bookingid":217},{"bookingid":661},{"bookingid":189},{"bookingid":645},{"bookingid":129},{"bookingid":323},{"bookingid":530},{"bookingid":175},{"bookingid":85},{"bookingid":61},{"bookingid":692},{"bookingid":191},{"bookingid":687},{"bookingid":274},{"bookingid":466},{"bookingid":600},{"bookingid":944},{"bookingid":167},{"bookingid":755},{"bookingid":236},{"bookingid":556},{"bookingid":418},{"bookingid":958},{"bookingid":159},{"bookingid":47},{"bookingid":326},{"bookingid":629},{"bookingid":75},{"bookingid":1029},{"bookingid":561},{"bookingid":196},{"bookingid":487},{"bookingid":543},{"bookingid":1049},{"bookingid":1004},{"bookingid":141},{"bookingid":918},{"bookingid":357},{"bookingid":331},{"bookingid":770},{"bookingid":124},{"bookingid":442},{"bookingid":388},{"bookingid":870},{"bookingid":343},{"bookingid":480},{"bookingid":777},{"bookingid":565},{"bookingid":375},{"bookingid":485},{"bookingid":881},{"bookingid":313},{"bookingid":152},{"bookingid":844},{"bookingid":684},{"bookingid":662},{"bookingid":366},{"bookingid":80},{"bookingid":499},{"bookingid":1015},{"bookingid":889},{"bookingid":490},{"bookingid":90},{"bookingid":200},{"bookingid":737},{"bookingid":387},{"bookingid":842},{"bookingid":788},{"bookingid":384},{"bookingid":688},{"bookingid":1036},{"bookingid":658},{"bookingid":36},{"bookingid":368},{"bookingid":59},{"bookingid":856},{"bookingid":273},{"bookingid":83},{"bookingid":848},{"bookingid":402},{"bookingid":836},{"bookingid":993},{"bookingid":84},{"bookingid":145},{"bookingid":50},{"bookingid":261},{"bookingid":892},{"bookingid":486},{"bookingid":407},{"bookingid":140},{"bookingid":754},{"bookingid":521},{"bookingid":967},{"bookingid":916},{"bookingid":1045},{"bookingid":806},{"bookingid":37},{"bookingid":182},{"bookingid":599},{"bookingid":590},{"bookingid":48},{"bookingid":15},{"bookingid":293},{"bookingid":772},{"bookingid":265},{"bookingid":749},{"bookingid":714},{"bookingid":268},{"bookingid":452},{"bookingid":771},{"bookingid":292},{"bookingid":60},{"bookingid":401},{"bookingid":928},{"bookingid":734},{"bookingid":1072},{"bookingid":1009},{"bookingid":35},{"bookingid":10},{"bookingid":605},{"bookingid":950},{"bookingid":77},{"bookingid":355},{"bookingid":562},{"bookingid":919},{"bookingid":785},{"bookingid":743},{"bookingid":783},{"bookingid":1023},{"bookingid":524},{"bookingid":1001},{"bookingid":838},{"bookingid":566},{"bookingid":554},{"bookingid":812},{"bookingid":207},{"bookingid":1071},{"bookingid":1047},{"bookingid":300},{"bookingid":73},{"bookingid":428},{"bookingid":57},{"bookingid":942},{"bookingid":97},{"bookingid":503},{"bookingid":952},{"bookingid":472},{"bookingid":170},{"bookingid":62},{"bookingid":690},{"bookingid":864},{"bookingid":2},{"bookingid":802},{"bookingid":505},{"bookingid":776},{"bookingid":865},{"bookingid":746},{"bookingid":529},{"bookingid":507},{"bookingid":1054},{"bookingid":857},{"bookingid":448},{"bookingid":63},{"bookingid":54},{"bookingid":104},{"bookingid":494},{"bookingid":348},{"bookingid":983},{"bookingid":31},{"bookingid":444},{"bookingid":508},{"bookingid":819},{"bookingid":465},{"bookingid":631},{"bookingid":146},{"bookingid":511},{"bookingid":712},{"bookingid":814},{"bookingid":787},{"bookingid":264},{"bookingid":646},{"bookingid":1057},{"bookingid":912},{"bookingid":259},{"bookingid":628},{"bookingid":431},{"bookingid":351},{"bookingid":239},{"bookingid":764},{"bookingid":356},{"bookingid":106},{"bookingid":852},{"bookingid":533},{"bookingid":100},{"bookingid":410},{"bookingid":713},{"bookingid":1007},{"bookingid":949},{"bookingid":79},{"bookingid":81},{"bookingid":996},{"bookingid":567},{"bookingid":559},{"bookingid":539},{"bookingid":545},{"bookingid":625},{"bookingid":113},{"bookingid":580},{"bookingid":1056},{"bookingid":795},{"bookingid":621},{"bookingid":875},{"bookingid":701},{"bookingid":907},{"bookingid":650},{"bookingid":245},{"bookingid":887},{"bookingid":215},{"bookingid":750},{"bookingid":8},{"bookingid":322},{"bookingid":753},{"bookingid":872},{"bookingid":964},{"bookingid":977},{"bookingid":420},{"bookingid":536},{"bookingid":460},{"bookingid":136},{"bookingid":1046},{"bookingid":1051},{"bookingid":424},{"bookingid":899},{"bookingid":637},{"bookingid":804},{"bookingid":496},{"bookingid":871},{"bookingid":682},{"bookingid":769},{"bookingid":248},{"bookingid":413},{"bookingid":246},{"bookingid":589},{"bookingid":708},{"bookingid":685},{"bookingid":99},{"bookingid":911},{"bookingid":517},{"bookingid":738},{"bookingid":877},{"bookingid":453},{"bookingid":825},{"bookingid":663},{"bookingid":1006},{"bookingid":994},{"bookingid":707},{"bookingid":125},{"bookingid":553},{"bookingid":30},{"bookingid":11},{"bookingid":397},{"bookingid":98},{"bookingid":807},{"bookingid":295},{"bookingid":240},{"bookingid":216},{"bookingid":572},{"bookingid":909},{"bookingid":285},{"bookingid":786},{"bookingid":4},{"bookingid":643},{"bookingid":670},{"bookingid":71},{"bookingid":179},{"bookingid":960},{"bookingid":430},{"bookingid":346},{"bookingid":139},{"bookingid":976},{"bookingid":940},{"bookingid":20},{"bookingid":923},{"bookingid":667},{"bookingid":730},{"bookingid":188},{"bookingid":560},{"bookingid":622},{"bookingid":237},{"bookingid":306},{"bookingid":1040},{"bookingid":332},{"bookingid":464},{"bookingid":668},{"bookingid":115},{"bookingid":266},{"bookingid":546},{"bookingid":893},{"bookingid":619},{"bookingid":627},{"bookingid":349},{"bookingid":718},{"bookingid":74},{"bookingid":318},{"bookingid":325},{"bookingid":434},{"bookingid":226},{"bookingid":990},{"bookingid":851},{"bookingid":478},{"bookingid":999},{"bookingid":782},{"bookingid":364},{"bookingid":473},{"bookingid":577},{"bookingid":377},{"bookingid":1028},{"bookingid":582},{"bookingid":491},{"bookingid":9},{"bookingid":874},{"bookingid":310},{"bookingid":253},{"bookingid":53},{"bookingid":14},{"bookingid":130},{"bookingid":897},{"bookingid":201},{"bookingid":639},{"bookingid":824},{"bookingid":339},{"bookingid":161},{"bookingid":966},{"bookingid":278},{"bookingid":319},{"bookingid":1076},{"bookingid":385},{"bookingid":548},{"bookingid":399},{"bookingid":372},{"bookingid":884},{"bookingid":126},{"bookingid":761},{"bookingid":415},{"bookingid":342},{"bookingid":506},{"bookingid":850},{"bookingid":290},{"bookingid":611},{"bookingid":768},{"bookingid":617},{"bookingid":981},{"bookingid":839},{"bookingid":815},{"bookingid":250},{"bookingid":683},{"bookingid":39},{"bookingid":696},{"bookingid":929},{"bookingid":526},{"bookingid":706},{"bookingid":208},{"bookingid":379},{"bookingid":723},{"bookingid":518},{"bookingid":405},{"bookingid":612},{"bookingid":203},{"bookingid":867},{"bookingid":725},{"bookingid":982},{"bookingid":474},{"bookingid":224},{"bookingid":655},{"bookingid":588},{"bookingid":672},{"bookingid":374},{"bookingid":232},{"bookingid":192},{"bookingid":484},{"bookingid":56},{"bookingid":731},{"bookingid":938},{"bookingid":933},{"bookingid":277},{"bookingid":432},{"bookingid":598},{"bookingid":390},{"bookingid":317},{"bookingid":218},{"bookingid":535},{"bookingid":652},{"bookingid":793},{"bookingid":1020},{"bookingid":972},{"bookingid":82},{"bookingid":1032},{"bookingid":537},{"bookingid":703},{"bookingid":759},{"bookingid":183},{"bookingid":127},{"bookingid":316},{"bookingid":362},{"bookingid":445},{"bookingid":904},{"bookingid":678},{"bookingid":251},{"bookingid":42},{"bookingid":29},{"bookingid":620},{"bookingid":820},{"bookingid":172},{"bookingid":347},{"bookingid":282},{"bookingid":112},{"bookingid":1041},{"bookingid":988},{"bookingid":43},{"bookingid":380},{"bookingid":439},{"bookingid":732},{"bookingid":459},{"bookingid":805},{"bookingid":92},{"bookingid":849},{"bookingid":425},{"bookingid":955},{"bookingid":457},{"bookingid":55},{"bookingid":633},{"bookingid":742},{"bookingid":1067},{"bookingid":88},{"bookingid":361},{"bookingid":120},{"bookingid":965},{"bookingid":727},{"bookingid":773},{"bookingid":895},{"bookingid":921},{"bookingid":657},{"bookingid":748},{"bookingid":393},{"bookingid":176},{"bookingid":709},{"bookingid":229},{"bookingid":513},{"bookingid":855},{"bookingid":555},{"bookingid":799},{"bookingid":859},{"bookingid":329},{"bookingid":568},{"bookingid":118},{"bookingid":779},{"bookingid":135},{"bookingid":854},{"bookingid":800},{"bookingid":716},{"bookingid":636},{"bookingid":117},{"bookingid":121},{"bookingid":214},{"bookingid":1061},{"bookingid":287},{"bookingid":778},{"bookingid":607},{"bookingid":519},{"bookingid":174},{"bookingid":581},{"bookingid":301},{"bookingid":437},{"bookingid":72},{"bookingid":110},{"bookingid":199},{"bookingid":1016},{"bookingid":1022},{"bookingid":209},{"bookingid":101},{"bookingid":205},{"bookingid":280},{"bookingid":831},{"bookingid":740},{"bookingid":575},{"bookingid":87},{"bookingid":173},{"bookingid":311},{"bookingid":70},{"bookingid":392},{"bookingid":41},{"bookingid":481},{"bookingid":601},{"bookingid":758},{"bookingid":7},{"bookingid":821},{"bookingid":939},{"bookingid":307},{"bookingid":6},{"bookingid":522},{"bookingid":1027},{"bookingid":792},{"bookingid":724},{"bookingid":1066},{"bookingid":1043},{"bookingid":694},{"bookingid":832},{"bookingid":219},{"bookingid":51},{"bookingid":948},{"bookingid":957},{"bookingid":547},{"bookingid":1017},{"bookingid":915},{"bookingid":531},{"bookingid":243},{"bookingid":827},{"bookingid":917},{"bookingid":1074},{"bookingid":1024},{"bookingid":974},{"bookingid":722},{"bookingid":108},{"bookingid":163},{"bookingid":38},{"bookingid":587},{"bookingid":28},{"bookingid":766},{"bookingid":1070},{"bookingid":946},{"bookingid":573},{"bookingid":89},{"bookingid":608},{"bookingid":369},{"bookingid":989},{"bookingid":888},{"bookingid":704},{"bookingid":858},{"bookingid":165},{"bookingid":597},{"bookingid":284},{"bookingid":365},{"bookingid":69},{"bookingid":1039},{"bookingid":443},{"bookingid":24},{"bookingid":154},{"bookingid":132},{"bookingid":338},{"bookingid":187},{"bookingid":669},{"bookingid":147},{"bookingid":153},{"bookingid":180},{"bookingid":736},{"bookingid":841},{"bookingid":898},{"bookingid":937},{"bookingid":158},{"bookingid":606},{"bookingid":1064},{"bookingid":497},{"bookingid":762},{"bookingid":1000},{"bookingid":22},{"bookingid":416},{"bookingid":905},{"bookingid":498},{"bookingid":438},{"bookingid":249},{"bookingid":404},{"bookingid":721},{"bookingid":604},{"bookingid":514},{"bookingid":910},{"bookingid":1025},{"bookingid":943},{"bookingid":614},{"bookingid":102},{"bookingid":419},{"bookingid":354},{"bookingid":185},{"bookingid":398},{"bookingid":927},{"bookingid":288},{"bookingid":12},{"bookingid":886},{"bookingid":271},{"bookingid":16},{"bookingid":862},{"bookingid":1055},{"bookingid":677}]
15:52:49.467 [main] INFO  com.example.apitesting.tests.apis.GetBookingTests - All Booking IDs: [{"bookingid":963},{"bookingid":527},{"bookingid":272},{"bookingid":1021},{"bookingid":995},{"bookingid":230},{"bookingid":576},{"bookingid":371},{"bookingid":797},{"bookingid":289},{"bookingid":19},{"bookingid":826},{"bookingid":3},{"bookingid":1058},{"bookingid":644},{"bookingid":435},{"bookingid":297},{"bookingid":451},{"bookingid":968},{"bookingid":930},{"bookingid":13},{"bookingid":262},{"bookingid":1031},{"bookingid":225},{"bookingid":500},{"bookingid":255},{"bookingid":679},{"bookingid":23},{"bookingid":456},{"bookingid":676},{"bookingid":27},{"bookingid":256},{"bookingid":571},{"bookingid":883},{"bookingid":767},{"bookingid":335},{"bookingid":651},{"bookingid":45},{"bookingid":903},{"bookingid":833},{"bookingid":751},{"bookingid":596},{"bookingid":281},{"bookingid":664},{"bookingid":695},{"bookingid":638},{"bookingid":44},{"bookingid":164},{"bookingid":984},{"bookingid":791},{"bookingid":49},{"bookingid":594},{"bookingid":299},{"bookingid":1014},{"bookingid":920},{"bookingid":818},{"bookingid":304},{"bookingid":1},{"bookingid":426},{"bookingid":5},{"bookingid":796},{"bookingid":1038},{"bookingid":845},{"bookingid":1008},{"bookingid":312},{"bookingid":959},{"bookingid":471},{"bookingid":455},{"bookingid":461},{"bookingid":449},{"bookingid":151},{"bookingid":91},{"bookingid":813},{"bookingid":350},{"bookingid":1003},{"bookingid":206},{"bookingid":197},{"bookingid":95},{"bookingid":868},{"bookingid":409},{"bookingid":1011},{"bookingid":1035},{"bookingid":324},{"bookingid":157},{"bookingid":181},{"bookingid":649},{"bookingid":1048},{"bookingid":693},{"bookingid":934},{"bookingid":584},{"bookingid":260},{"bookingid":541},{"bookingid":305},{"bookingid":33},{"bookingid":21},{"bookingid":512},{"bookingid":492},{"bookingid":134},{"bookingid":107},{"bookingid":901},{"bookingid":160},{"bookingid":65},{"bookingid":591},{"bookingid":656},{"bookingid":267},{"bookingid":671},{"bookingid":414},{"bookingid":109},{"bookingid":635},{"bookingid":975},{"bookingid":744},{"bookingid":211},{"bookingid":341},{"bookingid":17},{"bookingid":809},{"bookingid":358},{"bookingid":26},{"bookingid":689},{"bookingid":626},{"bookingid":834},{"bookingid":327},{"bookingid":878},{"bookingid":395},{"bookingid":223},{"bookingid":383},{"bookingid":469},{"bookingid":1065},{"bookingid":479},{"bookingid":94},{"bookingid":1053},{"bookingid":376},{"bookingid":116},{"bookingid":715},{"bookingid":578},{"bookingid":64},{"bookingid":242},{"bookingid":436},{"bookingid":700},{"bookingid":194},{"bookingid":830},{"bookingid":336},{"bookingid":235},{"bookingid":542},{"bookingid":142},{"bookingid":231},{"bookingid":987},{"bookingid":544},{"bookingid":973},{"bookingid":412},{"bookingid":470},{"bookingid":879},{"bookingid":931},{"bookingid":515},{"bookingid":954},{"bookingid":148},{"bookingid":616},{"bookingid":217},{"bookingid":661},{"bookingid":189},{"bookingid":645},{"bookingid":129},{"bookingid":323},{"bookingid":530},{"bookingid":175},{"bookingid":85},{"bookingid":61},{"bookingid":692},{"bookingid":191},{"bookingid":687},{"bookingid":274},{"bookingid":466},{"bookingid":600},{"bookingid":944},{"bookingid":167},{"bookingid":755},{"bookingid":236},{"bookingid":556},{"bookingid":418},{"bookingid":958},{"bookingid":159},{"bookingid":47},{"bookingid":326},{"bookingid":629},{"bookingid":75},{"bookingid":1029},{"bookingid":561},{"bookingid":196},{"bookingid":487},{"bookingid":543},{"bookingid":1049},{"bookingid":1004},{"bookingid":141},{"bookingid":918},{"bookingid":357},{"bookingid":331},{"bookingid":770},{"bookingid":124},{"bookingid":442},{"bookingid":388},{"bookingid":870},{"bookingid":343},{"bookingid":480},{"bookingid":777},{"bookingid":565},{"bookingid":375},{"bookingid":485},{"bookingid":881},{"bookingid":313},{"bookingid":152},{"bookingid":844},{"bookingid":684},{"bookingid":662},{"bookingid":366},{"bookingid":80},{"bookingid":499},{"bookingid":1015},{"bookingid":889},{"bookingid":490},{"bookingid":90},{"bookingid":200},{"bookingid":737},{"bookingid":387},{"bookingid":842},{"bookingid":788},{"bookingid":384},{"bookingid":688},{"bookingid":1036},{"bookingid":658},{"bookingid":36},{"bookingid":368},{"bookingid":59},{"bookingid":856},{"bookingid":273},{"bookingid":83},{"bookingid":848},{"bookingid":402},{"bookingid":836},{"bookingid":993},{"bookingid":84},{"bookingid":145},{"bookingid":50},{"bookingid":261},{"bookingid":892},{"bookingid":486},{"bookingid":407},{"bookingid":140},{"bookingid":754},{"bookingid":521},{"bookingid":967},{"bookingid":916},{"bookingid":1045},{"bookingid":806},{"bookingid":37},{"bookingid":182},{"bookingid":599},{"bookingid":590},{"bookingid":48},{"bookingid":15},{"bookingid":293},{"bookingid":772},{"bookingid":265},{"bookingid":749},{"bookingid":714},{"bookingid":268},{"bookingid":452},{"bookingid":771},{"bookingid":292},{"bookingid":60},{"bookingid":401},{"bookingid":928},{"bookingid":734},{"bookingid":1072},{"bookingid":1009},{"bookingid":35},{"bookingid":10},{"bookingid":605},{"bookingid":950},{"bookingid":77},{"bookingid":355},{"bookingid":562},{"bookingid":919},{"bookingid":785},{"bookingid":743},{"bookingid":783},{"bookingid":1023},{"bookingid":524},{"bookingid":1001},{"bookingid":838},{"bookingid":566},{"bookingid":554},{"bookingid":812},{"bookingid":207},{"bookingid":1071},{"bookingid":1047},{"bookingid":300},{"bookingid":73},{"bookingid":428},{"bookingid":57},{"bookingid":942},{"bookingid":97},{"bookingid":503},{"bookingid":952},{"bookingid":472},{"bookingid":170},{"bookingid":62},{"bookingid":690},{"bookingid":864},{"bookingid":2},{"bookingid":802},{"bookingid":505},{"bookingid":776},{"bookingid":865},{"bookingid":746},{"bookingid":529},{"bookingid":507},{"bookingid":1054},{"bookingid":857},{"bookingid":448},{"bookingid":63},{"bookingid":54},{"bookingid":104},{"bookingid":494},{"bookingid":348},{"bookingid":983},{"bookingid":31},{"bookingid":444},{"bookingid":508},{"bookingid":819},{"bookingid":465},{"bookingid":631},{"bookingid":146},{"bookingid":511},{"bookingid":712},{"bookingid":814},{"bookingid":787},{"bookingid":264},{"bookingid":646},{"bookingid":1057},{"bookingid":912},{"bookingid":259},{"bookingid":628},{"bookingid":431},{"bookingid":351},{"bookingid":239},{"bookingid":764},{"bookingid":356},{"bookingid":106},{"bookingid":852},{"bookingid":533},{"bookingid":100},{"bookingid":410},{"bookingid":713},{"bookingid":1007},{"bookingid":949},{"bookingid":79},{"bookingid":81},{"bookingid":996},{"bookingid":567},{"bookingid":559},{"bookingid":539},{"bookingid":545},{"bookingid":625},{"bookingid":113},{"bookingid":580},{"bookingid":1056},{"bookingid":795},{"bookingid":621},{"bookingid":875},{"bookingid":701},{"bookingid":907},{"bookingid":650},{"bookingid":245},{"bookingid":887},{"bookingid":215},{"bookingid":750},{"bookingid":8},{"bookingid":322},{"bookingid":753},{"bookingid":872},{"bookingid":964},{"bookingid":977},{"bookingid":420},{"bookingid":536},{"bookingid":460},{"bookingid":136},{"bookingid":1046},{"bookingid":1051},{"bookingid":424},{"bookingid":899},{"bookingid":637},{"bookingid":804},{"bookingid":496},{"bookingid":871},{"bookingid":682},{"bookingid":769},{"bookingid":248},{"bookingid":413},{"bookingid":246},{"bookingid":589},{"bookingid":708},{"bookingid":685},{"bookingid":99},{"bookingid":911},{"bookingid":517},{"bookingid":738},{"bookingid":877},{"bookingid":453},{"bookingid":825},{"bookingid":663},{"bookingid":1006},{"bookingid":994},{"bookingid":707},{"bookingid":125},{"bookingid":553},{"bookingid":30},{"bookingid":11},{"bookingid":397},{"bookingid":98},{"bookingid":807},{"bookingid":295},{"bookingid":240},{"bookingid":216},{"bookingid":572},{"bookingid":909},{"bookingid":285},{"bookingid":786},{"bookingid":4},{"bookingid":643},{"bookingid":670},{"bookingid":71},{"bookingid":179},{"bookingid":960},{"bookingid":430},{"bookingid":346},{"bookingid":139},{"bookingid":976},{"bookingid":940},{"bookingid":20},{"bookingid":923},{"bookingid":667},{"bookingid":730},{"bookingid":188},{"bookingid":560},{"bookingid":622},{"bookingid":237},{"bookingid":306},{"bookingid":1040},{"bookingid":332},{"bookingid":464},{"bookingid":668},{"bookingid":115},{"bookingid":266},{"bookingid":546},{"bookingid":893},{"bookingid":619},{"bookingid":627},{"bookingid":349},{"bookingid":718},{"bookingid":74},{"bookingid":318},{"bookingid":325},{"bookingid":434},{"bookingid":226},{"bookingid":990},{"bookingid":851},{"bookingid":478},{"bookingid":999},{"bookingid":782},{"bookingid":364},{"bookingid":473},{"bookingid":577},{"bookingid":377},{"bookingid":1028},{"bookingid":582},{"bookingid":491},{"bookingid":9},{"bookingid":874},{"bookingid":310},{"bookingid":253},{"bookingid":53},{"bookingid":14},{"bookingid":130},{"bookingid":897},{"bookingid":201},{"bookingid":639},{"bookingid":824},{"bookingid":339},{"bookingid":161},{"bookingid":966},{"bookingid":278},{"bookingid":319},{"bookingid":1076},{"bookingid":385},{"bookingid":548},{"bookingid":399},{"bookingid":372},{"bookingid":884},{"bookingid":126},{"bookingid":761},{"bookingid":415},{"bookingid":342},{"bookingid":506},{"bookingid":850},{"bookingid":290},{"bookingid":611},{"bookingid":768},{"bookingid":617},{"bookingid":981},{"bookingid":839},{"bookingid":815},{"bookingid":250},{"bookingid":683},{"bookingid":39},{"bookingid":696},{"bookingid":929},{"bookingid":526},{"bookingid":706},{"bookingid":208},{"bookingid":379},{"bookingid":723},{"bookingid":518},{"bookingid":405},{"bookingid":612},{"bookingid":203},{"bookingid":867},{"bookingid":725},{"bookingid":982},{"bookingid":474},{"bookingid":224},{"bookingid":655},{"bookingid":588},{"bookingid":672},{"bookingid":374},{"bookingid":232},{"bookingid":192},{"bookingid":484},{"bookingid":56},{"bookingid":731},{"bookingid":938},{"bookingid":933},{"bookingid":277},{"bookingid":432},{"bookingid":598},{"bookingid":390},{"bookingid":317},{"bookingid":218},{"bookingid":535},{"bookingid":652},{"bookingid":793},{"bookingid":1020},{"bookingid":972},{"bookingid":82},{"bookingid":1032},{"bookingid":537},{"bookingid":703},{"bookingid":759},{"bookingid":183},{"bookingid":127},{"bookingid":316},{"bookingid":362},{"bookingid":445},{"bookingid":904},{"bookingid":678},{"bookingid":251},{"bookingid":42},{"bookingid":29},{"bookingid":620},{"bookingid":820},{"bookingid":172},{"bookingid":347},{"bookingid":282},{"bookingid":112},{"bookingid":1041},{"bookingid":988},{"bookingid":43},{"bookingid":380},{"bookingid":439},{"bookingid":732},{"bookingid":459},{"bookingid":805},{"bookingid":92},{"bookingid":849},{"bookingid":425},{"bookingid":955},{"bookingid":457},{"bookingid":55},{"bookingid":633},{"bookingid":742},{"bookingid":1067},{"bookingid":88},{"bookingid":361},{"bookingid":120},{"bookingid":965},{"bookingid":727},{"bookingid":773},{"bookingid":895},{"bookingid":921},{"bookingid":657},{"bookingid":748},{"bookingid":393},{"bookingid":176},{"bookingid":709},{"bookingid":229},{"bookingid":513},{"bookingid":855},{"bookingid":555},{"bookingid":799},{"bookingid":859},{"bookingid":329},{"bookingid":568},{"bookingid":118},{"bookingid":779},{"bookingid":135},{"bookingid":854},{"bookingid":800},{"bookingid":716},{"bookingid":636},{"bookingid":117},{"bookingid":121},{"bookingid":214},{"bookingid":1061},{"bookingid":287},{"bookingid":778},{"bookingid":607},{"bookingid":519},{"bookingid":174},{"bookingid":581},{"bookingid":301},{"bookingid":437},{"bookingid":72},{"bookingid":110},{"bookingid":199},{"bookingid":1016},{"bookingid":1022},{"bookingid":209},{"bookingid":101},{"bookingid":205},{"bookingid":280},{"bookingid":831},{"bookingid":740},{"bookingid":575},{"bookingid":87},{"bookingid":173},{"bookingid":311},{"bookingid":70},{"bookingid":392},{"bookingid":41},{"bookingid":481},{"bookingid":601},{"bookingid":758},{"bookingid":7},{"bookingid":821},{"bookingid":939},{"bookingid":307},{"bookingid":6},{"bookingid":522},{"bookingid":1027},{"bookingid":792},{"bookingid":724},{"bookingid":1066},{"bookingid":1043},{"bookingid":694},{"bookingid":832},{"bookingid":219},{"bookingid":51},{"bookingid":948},{"bookingid":957},{"bookingid":547},{"bookingid":1017},{"bookingid":915},{"bookingid":531},{"bookingid":243},{"bookingid":827},{"bookingid":917},{"bookingid":1074},{"bookingid":1024},{"bookingid":974},{"bookingid":722},{"bookingid":108},{"bookingid":163},{"bookingid":38},{"bookingid":587},{"bookingid":28},{"bookingid":766},{"bookingid":1070},{"bookingid":946},{"bookingid":573},{"bookingid":89},{"bookingid":608},{"bookingid":369},{"bookingid":989},{"bookingid":888},{"bookingid":704},{"bookingid":858},{"bookingid":165},{"bookingid":597},{"bookingid":284},{"bookingid":365},{"bookingid":69},{"bookingid":1039},{"bookingid":443},{"bookingid":24},{"bookingid":154},{"bookingid":132},{"bookingid":338},{"bookingid":187},{"bookingid":669},{"bookingid":147},{"bookingid":153},{"bookingid":180},{"bookingid":736},{"bookingid":841},{"bookingid":898},{"bookingid":937},{"bookingid":158},{"bookingid":606},{"bookingid":1064},{"bookingid":497},{"bookingid":762},{"bookingid":1000},{"bookingid":22},{"bookingid":416},{"bookingid":905},{"bookingid":498},{"bookingid":438},{"bookingid":249},{"bookingid":404},{"bookingid":721},{"bookingid":604},{"bookingid":514},{"bookingid":910},{"bookingid":1025},{"bookingid":943},{"bookingid":614},{"bookingid":102},{"bookingid":419},{"bookingid":354},{"bookingid":185},{"bookingid":398},{"bookingid":927},{"bookingid":288},{"bookingid":12},{"bookingid":886},{"bookingid":271},{"bookingid":16},{"bookingid":862},{"bookingid":1055},{"bookingid":677}]
15:52:49.472 [main] INFO  Listeners.ITest - Test Case testGetAllBookingIds passed
]]></system-out>
  </testcase>
  <testcase name="testGetBookingById" classname="com.example.apitesting.tests.apis.GetBookingTests" time="1.915">
    <system-out><![CDATA[15:52:49.481 [main] INFO  Listeners.ITest - Test Case testGetBookingById started
15:52:49.483 [main] INFO  Listeners.IInvokedMethodListenerImpl - Starting test method: testGetBookingById
15:52:49.484 [main] INFO  com.example.apitesting.api.RestClient - Sending GET request to: /booking/1055
Request method:	GET
Request URI:	https://restful-booker.herokuapp.com/booking/1055
Proxy:			<none>
Request params:	<none>
Query params:	<none>
Form params:	<none>
Path params:	<none>
Headers:		Accept=*/*
Cookies:		<none>
Multiparts:		<none>
Body:			<none>
15:52:51.347 [main] INFO  com.example.apitesting.api.RestClient - Received GET response: {"firstname":"Charlie","lastname":"Jones","totalprice":841,"depositpaid":true,"bookingdates":{"checkin":"2025-08-17","checkout":"2025-08-20"},"additionalneeds":"Dinner"}
15:52:51.418 [main] INFO  com.example.apitesting.tests.apis.GetBookingTests - Retrieved Booking Details: {"firstname":"Charlie","lastname":"Jones","totalprice":841,"depositpaid":true,"bookingdates":{"checkin":"2025-08-17","checkout":"2025-08-20"},"additionalneeds":"Dinner"}
15:52:51.422 [main] INFO  Listeners.ITest - Test Case testGetBookingById passed
]]></system-out>
  </testcase>
  <testcase name="testUpdateBooking" classname="com.example.apitesting.tests.apis.UpdateBookingTests" time="0.996">
    <system-out><![CDATA[15:52:51.426 [main] INFO  Listeners.IInvokedMethodListenerImpl - Starting test method: setupBooking
15:52:51.428 [main] INFO  com.example.apitesting.api.RestClient - Sending POST request to: /booking with body: com.example.apitesting.models.Booking@1eb21f22
Request method:	POST
Request URI:	https://restful-booker.herokuapp.com/booking
Proxy:			<none>
Request params:	<none>
Query params:	<none>
Form params:	<none>
Path params:	<none>
Headers:		Accept=*/*
				Content-Type=application/json
Cookies:		<none>
Multiparts:		<none>
Body:
{
    "firstname": "John",
    "lastname": "Jones",
    "totalprice": 607,
    "depositpaid": true,
    "bookingdates": {
        "checkin": "2025-08-17",
        "checkout": "2025-08-26"
    },
    "additionalneeds": "Dinner"
}
15:52:52.362 [main] INFO  com.example.apitesting.api.RestClient - Received POST response: {"bookingid":1110,"booking":{"firstname":"John","lastname":"Jones","totalprice":607,"depositpaid":true,"bookingdates":{"checkin":"2025-08-17","checkout":"2025-08-26"},"additionalneeds":"Dinner"}}
15:52:52.371 [main] INFO  com.example.apitesting.tests.apis.UpdateBookingTests - Setup: Created Booking ID: 1110
15:52:52.372 [main] INFO  com.example.apitesting.tests.apis.UpdateBookingTests - Setup: Retrieved Token from TokenManager: badd78a20508161
15:52:52.374 [main] INFO  Listeners.ITest - Test Case testUpdateBooking started
15:52:52.375 [main] INFO  Listeners.IInvokedMethodListenerImpl - Starting test method: testUpdateBooking
15:52:52.375 [main] INFO  com.example.apitesting.api.RestClient - Sending PUT request to: /booking/1110 with body: com.example.apitesting.models.Booking@3464d24c and token: badd78a20508161
Request method:	PUT
Request URI:	https://restful-booker.herokuapp.com/booking/1110
Proxy:			<none>
Request params:	<none>
Query params:	<none>
Form params:	<none>
Path params:	<none>
Headers:		Accept=*/*
				Content-Type=application/json
Cookies:		token=badd78a20508161
Multiparts:		<none>
Body:
{
    "firstname": "Alice",
    "lastname": "Smith",
    "totalprice": 56,
    "depositpaid": false,
    "bookingdates": {
        "checkin": "2025-08-17",
        "checkout": "2025-08-18"
    },
    "additionalneeds": "Lunch"
}
15:52:53.260 [main] INFO  com.example.apitesting.api.RestClient - Received PUT response: {"firstname":"Alice","lastname":"Smith","totalprice":56,"depositpaid":false,"bookingdates":{"checkin":"2025-08-17","checkout":"2025-08-18"},"additionalneeds":"Lunch"}
15:52:53.361 [main] INFO  com.example.apitesting.tests.apis.UpdateBookingTests - Updated Booking Details: {"firstname":"Alice","lastname":"Smith","totalprice":56,"depositpaid":false,"bookingdates":{"checkin":"2025-08-17","checkout":"2025-08-18"},"additionalneeds":"Lunch"}
15:52:53.365 [main] INFO  Listeners.ITest - Test Case testUpdateBooking passed
]]></system-out>
  </testcase>
  <testcase name="testUpdateBookingInvalidToken" classname="com.example.apitesting.tests.apis.UpdateBookingTests" time="0.953">
    <system-out><![CDATA[15:52:53.373 [main] INFO  Listeners.ITest - Test Case testUpdateBookingInvalidToken started
15:52:53.373 [main] INFO  Listeners.IInvokedMethodListenerImpl - Starting test method: testUpdateBookingInvalidToken
15:52:53.373 [main] INFO  com.example.apitesting.api.RestClient - Sending PUT request to: /booking/1110 with body: com.example.apitesting.models.Booking@6b732d6 and token: invalid_token
Request method:	PUT
Request URI:	https://restful-booker.herokuapp.com/booking/1110
Proxy:			<none>
Request params:	<none>
Query params:	<none>
Form params:	<none>
Path params:	<none>
Headers:		Accept=*/*
				Content-Type=application/json
Cookies:		token=invalid_token
Multiparts:		<none>
Body:
{
    "firstname": "Jane",
    "lastname": "Jones",
    "totalprice": 710,
    "depositpaid": true,
    "bookingdates": {
        "checkin": "2025-08-17",
        "checkout": "2025-08-24"
    },
    "additionalneeds": "Lunch"
}
15:52:54.317 [main] INFO  com.example.apitesting.api.RestClient - Received PUT response: Forbidden
15:52:54.318 [main] INFO  com.example.apitesting.tests.apis.UpdateBookingTests - Response Body for invalid token: Forbidden
15:52:54.320 [main] INFO  Listeners.ITest - Test Case testUpdateBookingInvalidToken passed
]]></system-out>
  </testcase>
  <testcase name="testDeleteBooking" classname="com.example.apitesting.tests.apis.DeleteBookingTests" time="2.826">
    <system-out><![CDATA[15:52:54.324 [main] INFO  Listeners.IInvokedMethodListenerImpl - Starting test method: setupBooking
15:52:54.324 [main] INFO  com.example.apitesting.api.RestClient - Sending POST request to: /booking with body: com.example.apitesting.models.Booking@78e5b18
Request method:	POST
Request URI:	https://restful-booker.herokuapp.com/booking
Proxy:			<none>
Request params:	<none>
Query params:	<none>
Form params:	<none>
Path params:	<none>
Headers:		Accept=*/*
				Content-Type=application/json
Cookies:		<none>
Multiparts:		<none>
Body:
{
    "firstname": "John",
    "lastname": "Jones",
    "totalprice": 561,
    "depositpaid": true,
    "bookingdates": {
        "checkin": "2025-08-17",
        "checkout": "2025-08-23"
    },
    "additionalneeds": "Dinner"
}
15:52:56.809 [main] INFO  com.example.apitesting.api.RestClient - Received POST response: {"bookingid":1144,"booking":{"firstname":"John","lastname":"Jones","totalprice":561,"depositpaid":true,"bookingdates":{"checkin":"2025-08-17","checkout":"2025-08-23"},"additionalneeds":"Dinner"}}
15:52:56.819 [main] INFO  com.example.apitesting.tests.apis.DeleteBookingTests - Setup: Created Booking ID: 1144
15:52:56.819 [main] INFO  com.example.apitesting.tests.apis.DeleteBookingTests - Setup: Retrieved Token from TokenManager: badd78a20508161
15:52:56.823 [main] INFO  Listeners.ITest - Test Case testDeleteBooking started
15:52:56.823 [main] INFO  Listeners.IInvokedMethodListenerImpl - Starting test method: testDeleteBooking
15:52:56.824 [main] INFO  com.example.apitesting.api.RestClient - Sending DELETE request to: /booking/1144 with token: badd78a20508161
Request method:	DELETE
Request URI:	https://restful-booker.herokuapp.com/booking/1144
Proxy:			<none>
Request params:	<none>
Query params:	<none>
Form params:	<none>
Path params:	<none>
Headers:		Accept=*/*
				Content-Type=application/json
Cookies:		token=badd78a20508161
Multiparts:		<none>
Body:			<none>
15:52:58.087 [main] INFO  com.example.apitesting.api.RestClient - Received DELETE response: Created
15:52:58.087 [main] INFO  com.example.apitesting.tests.apis.DeleteBookingTests - Response Body: Created
15:52:58.093 [main] INFO  com.example.apitesting.api.RestClient - Sending GET request to: /booking/1144
Request method:	GET
Request URI:	https://restful-booker.herokuapp.com/booking/1144
Proxy:			<none>
Request params:	<none>
Query params:	<none>
Form params:	<none>
Path params:	<none>
Headers:		Accept=*/*
Cookies:		<none>
Multiparts:		<none>
Body:			<none>
15:52:59.642 [main] INFO  com.example.apitesting.api.RestClient - Received GET response: Not Found
15:52:59.643 [main] INFO  Listeners.ITest - Test Case testDeleteBooking passed
]]></system-out>
  </testcase>
  <testcase name="testSearchBookingByDates" classname="com.example.apitesting.tests.apis.SearchBookingTests" time="1.465">
    <system-out><![CDATA[15:52:59.647 [main] INFO  Listeners.IInvokedMethodListenerImpl - Starting test method: setupTestData
15:52:59.647 [main] INFO  com.example.apitesting.api.RestClient - Sending POST request to: /booking with body: com.example.apitesting.models.Booking@51b22f06
Request method:	POST
Request URI:	https://restful-booker.herokuapp.com/booking
Proxy:			<none>
Request params:	<none>
Query params:	<none>
Form params:	<none>
Path params:	<none>
Headers:		Accept=*/*
				Content-Type=application/json
Cookies:		<none>
Multiparts:		<none>
Body:
{
    "firstname": "TestFirstName",
    "lastname": "TestLastName",
    "totalprice": 150,
    "depositpaid": true,
    "bookingdates": {
        "checkin": "2025-01-01",
        "checkout": "2025-01-05"
    },
    "additionalneeds": "Breakfast"
}
15:53:00.535 [main] INFO  com.example.apitesting.api.RestClient - Received POST response: {"bookingid":1177,"booking":{"firstname":"TestFirstName","lastname":"TestLastName","totalprice":150,"depositpaid":true,"bookingdates":{"checkin":"2025-01-01","checkout":"2025-01-05"},"additionalneeds":"Breakfast"}}
15:53:00.537 [main] INFO  com.example.apitesting.tests.apis.SearchBookingTests - Setup: Created booking for search tests with firstname: TestFirstName, lastname: TestLastName, checkin: 2025-01-01, checkout: 2025-01-05
15:53:00.541 [main] INFO  Listeners.ITest - Test Case testSearchBookingByDates started
15:53:00.541 [main] INFO  Listeners.IInvokedMethodListenerImpl - Starting test method: testSearchBookingByDates
15:53:00.542 [main] INFO  com.example.apitesting.api.RestClient - Sending GET request to: /booking?checkin=2025-01-01&checkout=2025-01-05
Request method:	GET
Request URI:	https://restful-booker.herokuapp.com/booking?checkin=2025-01-01&checkout=2025-01-05
Proxy:			<none>
Request params:	<none>
Query params:	<none>
Form params:	<none>
Path params:	<none>
Headers:		Accept=*/*
Cookies:		<none>
Multiparts:		<none>
Body:			<none>
15:53:01.985 [main] INFO  com.example.apitesting.api.RestClient - Received GET response: []
15:53:01.999 [main] INFO  com.example.apitesting.tests.apis.SearchBookingTests - Search by Dates Results: []
15:53:02.001 [main] INFO  Listeners.ITest - Test Case testSearchBookingByDates passed
]]></system-out>
  </testcase>
  <testcase name="testSearchBookingByName" classname="com.example.apitesting.tests.apis.SearchBookingTests" time="2.472">
    <system-out><![CDATA[15:53:02.006 [main] INFO  Listeners.ITest - Test Case testSearchBookingByName started
15:53:02.006 [main] INFO  Listeners.IInvokedMethodListenerImpl - Starting test method: testSearchBookingByName
15:53:02.006 [main] INFO  com.example.apitesting.api.RestClient - Sending GET request to: /booking?firstname=TestFirstName&lastname=TestLastName
Request method:	GET
Request URI:	https://restful-booker.herokuapp.com/booking?firstname=TestFirstName&lastname=TestLastName
Proxy:			<none>
Request params:	<none>
Query params:	<none>
Form params:	<none>
Path params:	<none>
Headers:		Accept=*/*
Cookies:		<none>
Multiparts:		<none>
Body:			<none>
15:53:04.460 [main] INFO  com.example.apitesting.api.RestClient - Received GET response: [{"bookingid":1177}]
15:53:04.472 [main] INFO  com.example.apitesting.tests.apis.SearchBookingTests - Search by Name Results: [{"bookingid":1177}]
15:53:04.474 [main] INFO  Listeners.ITest - Test Case testSearchBookingByName passed
]]></system-out>
  </testcase>
  <testcase name="testBookingLifecycle" classname="com.example.apitesting.tests.E2ETests" time="6.39">
    <system-out><![CDATA[15:53:04.478 [main] INFO  Listeners.ITest - Test Case testBookingLifecycle started
15:53:04.478 [main] INFO  Listeners.IInvokedMethodListenerImpl - Starting test method: testBookingLifecycle
15:53:04.478 [main] INFO  com.example.apitesting.tests.E2ETests - Attempting to get authentication token.
15:53:04.479 [main] INFO  com.example.apitesting.tests.E2ETests - Authentication token obtained: badd78a20508161
15:53:04.479 [main] INFO  com.example.apitesting.tests.E2ETests - Creating booking with payload: com.example.apitesting.models.Booking@4b98900b
15:53:04.479 [main] INFO  com.example.apitesting.api.RestClient - Sending POST request to: /booking with body: com.example.apitesting.models.Booking@4b98900b
Request method:	POST
Request URI:	https://restful-booker.herokuapp.com/booking
Proxy:			<none>
Request params:	<none>
Query params:	<none>
Form params:	<none>
Path params:	<none>
Headers:		Accept=*/*
				Content-Type=application/json
Cookies:		<none>
Multiparts:		<none>
Body:
{
    "firstname": "John",
    "lastname": "Jones",
    "totalprice": 992,
    "depositpaid": true,
    "bookingdates": {
        "checkin": "2025-08-17",
        "checkout": "2025-08-19"
    },
    "additionalneeds": "Breakfast"
}
15:53:05.507 [main] INFO  com.example.apitesting.api.RestClient - Received POST response: {"bookingid":1212,"booking":{"firstname":"John","lastname":"Jones","totalprice":992,"depositpaid":true,"bookingdates":{"checkin":"2025-08-17","checkout":"2025-08-19"},"additionalneeds":"Breakfast"}}
15:53:05.575 [main] INFO  com.example.apitesting.tests.E2ETests - Booking created successfully with ID: 1212
15:53:05.575 [main] INFO  com.example.apitesting.tests.E2ETests - Getting booking with ID: 1212
15:53:05.575 [main] INFO  com.example.apitesting.api.RestClient - Sending GET request to: /booking/1212
Request method:	GET
Request URI:	https://restful-booker.herokuapp.com/booking/1212
Proxy:			<none>
Request params:	<none>
Query params:	<none>
Form params:	<none>
Path params:	<none>
Headers:		Accept=*/*
Cookies:		<none>
Multiparts:		<none>
Body:			<none>
15:53:07.337 [main] INFO  com.example.apitesting.api.RestClient - Received GET response: {"firstname":"John","lastname":"Jones","totalprice":992,"depositpaid":true,"bookingdates":{"checkin":"2025-08-17","checkout":"2025-08-19"},"additionalneeds":"Breakfast"}
15:53:07.346 [main] INFO  com.example.apitesting.tests.E2ETests - Booking retrieved successfully.
15:53:07.347 [main] INFO  com.example.apitesting.tests.E2ETests - Updating booking with ID: 1212 with payload: com.example.apitesting.models.Booking@e8f7aa3
15:53:07.347 [main] INFO  com.example.apitesting.api.RestClient - Sending PUT request to: /booking/1212 with body: com.example.apitesting.models.Booking@e8f7aa3 and token: badd78a20508161
Request method:	PUT
Request URI:	https://restful-booker.herokuapp.com/booking/1212
Proxy:			<none>
Request params:	<none>
Query params:	<none>
Form params:	<none>
Path params:	<none>
Headers:		Accept=*/*
				Content-Type=application/json
Cookies:		token=badd78a20508161
Multiparts:		<none>
Body:
{
    "firstname": "Alice",
    "lastname": "Smith",
    "totalprice": 244,
    "depositpaid": true,
    "bookingdates": {
        "checkin": "2025-08-17",
        "checkout": "2025-08-20"
    },
    "additionalneeds": "Dinner"
}
15:53:08.255 [main] INFO  com.example.apitesting.api.RestClient - Received PUT response: {"firstname":"Alice","lastname":"Smith","totalprice":244,"depositpaid":true,"bookingdates":{"checkin":"2025-08-17","checkout":"2025-08-20"},"additionalneeds":"Dinner"}
15:53:08.274 [main] INFO  com.example.apitesting.tests.E2ETests - Booking updated successfully.
15:53:08.274 [main] INFO  com.example.apitesting.tests.E2ETests - Partially updating booking with ID: 1212 with payload: {firstname=Jane, lastname=Davis}
15:53:08.274 [main] INFO  com.example.apitesting.api.RestClient - Sending PATCH request to: /booking/1212 with body: {firstname=Jane, lastname=Davis} and token: badd78a20508161
Request method:	PATCH
Request URI:	https://restful-booker.herokuapp.com/booking/1212
Proxy:			<none>
Request params:	<none>
Query params:	<none>
Form params:	<none>
Path params:	<none>
Headers:		Accept=*/*
				Content-Type=application/json
Cookies:		token=badd78a20508161
Multiparts:		<none>
Body:
{
    "firstname": "Jane",
    "lastname": "Davis"
}
15:53:09.147 [main] INFO  com.example.apitesting.api.RestClient - Received PATCH response: {"firstname":"Jane","lastname":"Davis","totalprice":244,"depositpaid":true,"bookingdates":{"checkin":"2025-08-17","checkout":"2025-08-20"},"additionalneeds":"Dinner"}
15:53:09.165 [main] INFO  com.example.apitesting.tests.E2ETests - Booking partially updated successfully.
15:53:09.165 [main] INFO  com.example.apitesting.tests.E2ETests - Deleting booking with ID: 1212
15:53:09.165 [main] INFO  com.example.apitesting.api.RestClient - Sending DELETE request to: /booking/1212 with token: badd78a20508161
Request method:	DELETE
Request URI:	https://restful-booker.herokuapp.com/booking/1212
Proxy:			<none>
Request params:	<none>
Query params:	<none>
Form params:	<none>
Path params:	<none>
Headers:		Accept=*/*
				Content-Type=application/json
Cookies:		token=badd78a20508161
Multiparts:		<none>
Body:			<none>
15:53:10.008 [main] INFO  com.example.apitesting.api.RestClient - Received DELETE response: Created
15:53:10.010 [main] INFO  com.example.apitesting.api.RestClient - Sending GET request to: /booking/1212
Request method:	GET
Request URI:	https://restful-booker.herokuapp.com/booking/1212
Proxy:			<none>
Request params:	<none>
Query params:	<none>
Form params:	<none>
Path params:	<none>
Headers:		Accept=*/*
Cookies:		<none>
Multiparts:		<none>
Body:			<none>
15:53:10.864 [main] INFO  com.example.apitesting.api.RestClient - Received GET response: Not Found
15:53:10.864 [main] INFO  com.example.apitesting.tests.E2ETests - Booking deleted successfully.
15:53:10.865 [main] INFO  Listeners.ITest - Test Case testBookingLifecycle passed
]]></system-out>
  </testcase>
  <testcase name="testAuthWithInvalidCredentials" classname="com.example.apitesting.tests.ErrorScenarioTests" time="0.922">
    <system-out><![CDATA[15:53:10.871 [main] INFO  Listeners.ITest - Test Case testAuthWithInvalidCredentials started
15:53:10.871 [main] INFO  Listeners.IInvokedMethodListenerImpl - Starting test method: testAuthWithInvalidCredentials
15:53:10.871 [main] INFO  com.example.apitesting.tests.ErrorScenarioTests - Attempting authentication with invalid credentials.
15:53:10.871 [main] INFO  com.example.apitesting.api.RestClient - Sending POST request to: /auth with body: com.example.apitesting.models.Auth@4edea6b4
Request method:	POST
Request URI:	https://restful-booker.herokuapp.com/auth
Proxy:			<none>
Request params:	<none>
Query params:	<none>
Form params:	<none>
Path params:	<none>
Headers:		Accept=*/*
				Content-Type=application/json
Cookies:		<none>
Multiparts:		<none>
Body:
{
    "username": "invalid_user",
    "password": "invalid_password"
}
15:53:11.774 [main] INFO  com.example.apitesting.api.RestClient - Received POST response: {"reason":"Bad credentials"}
15:53:11.787 [main] INFO  com.example.apitesting.tests.ErrorScenarioTests - Authentication with invalid credentials tested successfully.
15:53:11.787 [main] INFO  Listeners.ITest - Test Case testAuthWithInvalidCredentials passed
]]></system-out>
  </testcase>
  <testcase name="testCreateBookingInvalidJson" classname="com.example.apitesting.tests.ErrorScenarioTests" time="0.899">
    <system-out><![CDATA[15:53:11.794 [main] INFO  Listeners.ITest - Test Case testCreateBookingInvalidJson started
15:53:11.794 [main] INFO  Listeners.IInvokedMethodListenerImpl - Starting test method: testCreateBookingInvalidJson
15:53:11.794 [main] INFO  com.example.apitesting.api.RestClient - Sending POST request to: /booking with body: {"firstname": "Test", "lastname": "User", "totalprice": "invalid_price"}
Request method:	POST
Request URI:	https://restful-booker.herokuapp.com/booking
Proxy:			<none>
Request params:	<none>
Query params:	<none>
Form params:	<none>
Path params:	<none>
Headers:		Accept=*/*
				Content-Type=application/json
Cookies:		<none>
Multiparts:		<none>
Body:
{
    "firstname": "Test",
    "lastname": "User",
    "totalprice": "invalid_price"
}
15:53:12.684 [main] INFO  com.example.apitesting.api.RestClient - Received POST response: Internal Server Error
15:53:12.686 [main] INFO  com.example.apitesting.tests.ErrorScenarioTests - Response Body for invalid JSON: Internal Server Error
15:53:12.687 [main] INFO  Listeners.ITest - Test Case testCreateBookingInvalidJson passed
]]></system-out>
  </testcase>
  <testcase name="testDeleteBookingWithInvalidToken" classname="com.example.apitesting.tests.ErrorScenarioTests" time="0.896">
    <system-out><![CDATA[15:53:12.692 [main] INFO  Listeners.ITest - Test Case testDeleteBookingWithInvalidToken started
15:53:12.692 [main] INFO  Listeners.IInvokedMethodListenerImpl - Starting test method: testDeleteBookingWithInvalidToken
15:53:12.692 [main] INFO  com.example.apitesting.tests.ErrorScenarioTests - Attempting to delete a booking with invalid token.
15:53:12.692 [main] INFO  com.example.apitesting.api.RestClient - Sending DELETE request to: /booking/1 with token: invalid_token
Request method:	DELETE
Request URI:	https://restful-booker.herokuapp.com/booking/1
Proxy:			<none>
Request params:	<none>
Query params:	<none>
Form params:	<none>
Path params:	<none>
Headers:		Accept=*/*
				Content-Type=application/json
Cookies:		token=invalid_token
Multiparts:		<none>
Body:			<none>
15:53:13.584 [main] INFO  com.example.apitesting.api.RestClient - Received DELETE response: Forbidden
15:53:13.584 [main] INFO  com.example.apitesting.tests.ErrorScenarioTests - Deleting booking with invalid token tested successfully.
15:53:13.585 [main] INFO  Listeners.ITest - Test Case testDeleteBookingWithInvalidToken passed
]]></system-out>
  </testcase>
  <testcase name="testDeleteNonExistentBooking" classname="com.example.apitesting.tests.ErrorScenarioTests" time="0.893">
    <system-out><![CDATA[15:53:13.589 [main] INFO  Listeners.ITest - Test Case testDeleteNonExistentBooking started
15:53:13.590 [main] INFO  Listeners.IInvokedMethodListenerImpl - Starting test method: testDeleteNonExistentBooking
15:53:13.590 [main] INFO  com.example.apitesting.tests.ErrorScenarioTests - Attempting to delete a non-existent booking.
15:53:13.590 [main] INFO  com.example.apitesting.api.RestClient - Sending DELETE request to: /booking/999999 with token: badd78a20508161
Request method:	DELETE
Request URI:	https://restful-booker.herokuapp.com/booking/999999
Proxy:			<none>
Request params:	<none>
Query params:	<none>
Form params:	<none>
Path params:	<none>
Headers:		Accept=*/*
				Content-Type=application/json
Cookies:		token=badd78a20508161
Multiparts:		<none>
Body:			<none>
15:53:14.477 [main] INFO  com.example.apitesting.api.RestClient - Received DELETE response: Method Not Allowed
15:53:14.477 [main] INFO  com.example.apitesting.tests.ErrorScenarioTests - Deleting non-existent booking tested successfully.
15:53:14.478 [main] INFO  Listeners.ITest - Test Case testDeleteNonExistentBooking passed
]]></system-out>
  </testcase>
  <testcase name="testGetNonExistentBooking" classname="com.example.apitesting.tests.ErrorScenarioTests" time="0.883">
    <system-out><![CDATA[15:53:14.483 [main] INFO  Listeners.ITest - Test Case testGetNonExistentBooking started
15:53:14.483 [main] INFO  Listeners.IInvokedMethodListenerImpl - Starting test method: testGetNonExistentBooking
15:53:14.483 [main] INFO  com.example.apitesting.tests.ErrorScenarioTests - Attempting to get a non-existent booking.
15:53:14.483 [main] INFO  com.example.apitesting.api.RestClient - Sending GET request to: /booking/999999
Request method:	GET
Request URI:	https://restful-booker.herokuapp.com/booking/999999
Proxy:			<none>
Request params:	<none>
Query params:	<none>
Form params:	<none>
Path params:	<none>
Headers:		Accept=*/*
Cookies:		<none>
Multiparts:		<none>
Body:			<none>
15:53:15.362 [main] INFO  com.example.apitesting.api.RestClient - Received GET response: Not Found
15:53:15.362 [main] INFO  com.example.apitesting.tests.ErrorScenarioTests - Getting non-existent booking tested successfully.
15:53:15.362 [main] INFO  Listeners.ITest - Test Case testGetNonExistentBooking passed
]]></system-out>
  </testcase>
  <testcase name="testUpdateBookingWithInvalidToken" classname="com.example.apitesting.tests.ErrorScenarioTests" time="0.903">
    <system-out><![CDATA[15:53:15.366 [main] INFO  Listeners.ITest - Test Case testUpdateBookingWithInvalidToken started
15:53:15.366 [main] INFO  Listeners.IInvokedMethodListenerImpl - Starting test method: testUpdateBookingWithInvalidToken
15:53:15.366 [main] INFO  com.example.apitesting.tests.ErrorScenarioTests - Attempting to update a booking with invalid token.
15:53:15.366 [main] INFO  com.example.apitesting.api.RestClient - Sending PUT request to: /booking/1 with body: com.example.apitesting.models.Booking@58b69176 and token: invalid_token
Request method:	PUT
Request URI:	https://restful-booker.herokuapp.com/booking/1
Proxy:			<none>
Request params:	<none>
Query params:	<none>
Form params:	<none>
Path params:	<none>
Headers:		Accept=*/*
				Content-Type=application/json
Cookies:		token=invalid_token
Multiparts:		<none>
Body:
{
    "firstname": "Bob",
    "lastname": "Davis",
    "totalprice": 714,
    "depositpaid": true,
    "bookingdates": {
        "checkin": "2025-08-17",
        "checkout": "2025-08-20"
    },
    "additionalneeds": "Breakfast"
}
15:53:16.266 [main] INFO  com.example.apitesting.api.RestClient - Received PUT response: Forbidden
15:53:16.266 [main] INFO  com.example.apitesting.tests.ErrorScenarioTests - Updating booking with invalid token tested successfully.
15:53:16.267 [main] INFO  Listeners.ITest - Test Case testUpdateBookingWithInvalidToken passed
]]></system-out>
  </testcase>
  <testcase name="testUpdateNonExistentBooking" classname="com.example.apitesting.tests.ErrorScenarioTests" time="0.867">
    <system-out><![CDATA[15:53:16.272 [main] INFO  Listeners.ITest - Test Case testUpdateNonExistentBooking started
15:53:16.272 [main] INFO  Listeners.IInvokedMethodListenerImpl - Starting test method: testUpdateNonExistentBooking
15:53:16.272 [main] INFO  com.example.apitesting.tests.ErrorScenarioTests - Attempting to update a non-existent booking.
15:53:16.273 [main] INFO  com.example.apitesting.api.RestClient - Sending PUT request to: /booking/999999 with body: com.example.apitesting.models.Booking@27551c3a and token: badd78a20508161
Request method:	PUT
Request URI:	https://restful-booker.herokuapp.com/booking/999999
Proxy:			<none>
Request params:	<none>
Query params:	<none>
Form params:	<none>
Path params:	<none>
Headers:		Accept=*/*
				Content-Type=application/json
Cookies:		token=badd78a20508161
Multiparts:		<none>
Body:
{
    "firstname": "Jane",
    "lastname": "Smith",
    "totalprice": 731,
    "depositpaid": true,
    "bookingdates": {
        "checkin": "2025-08-17",
        "checkout": "2025-08-19"
    },
    "additionalneeds": "Breakfast"
}
15:53:17.133 [main] INFO  com.example.apitesting.api.RestClient - Received PUT response: Method Not Allowed
15:53:17.133 [main] INFO  com.example.apitesting.tests.ErrorScenarioTests - Updating non-existent booking tested successfully.
15:53:17.134 [main] INFO  Listeners.ITest - Test Case testUpdateNonExistentBooking passed
]]></system-out>
  </testcase>
  <testcase name="testPartialUpdateBooking" classname="com.example.apitesting.tests.apis.PartialUpdateBookingTests" time="1.06">
    <system-out><![CDATA[15:53:17.137 [main] INFO  Listeners.IInvokedMethodListenerImpl - Starting test method: setup
15:53:17.137 [main] INFO  com.example.apitesting.api.RestClient - Sending POST request to: /booking with body: com.example.apitesting.models.Booking@7aaaca20
Request method:	POST
Request URI:	https://restful-booker.herokuapp.com/booking
Proxy:			<none>
Request params:	<none>
Query params:	<none>
Form params:	<none>
Path params:	<none>
Headers:		Accept=*/*
				Content-Type=application/json
Cookies:		<none>
Multiparts:		<none>
Body:
{
    "firstname": "Alice",
    "lastname": "Williams",
    "totalprice": 684,
    "depositpaid": false,
    "bookingdates": {
        "checkin": "2025-08-17",
        "checkout": "2025-08-26"
    },
    "additionalneeds": "Breakfast"
}
15:53:18.038 [main] INFO  com.example.apitesting.api.RestClient - Received POST response: {"bookingid":1323,"booking":{"firstname":"Alice","lastname":"Williams","totalprice":684,"depositpaid":false,"bookingdates":{"checkin":"2025-08-17","checkout":"2025-08-26"},"additionalneeds":"Breakfast"}}
15:53:18.048 [main] INFO  com.example.apitesting.tests.apis.PartialUpdateBookingTests - Setup: Created booking with ID: 1323 for partial update tests.
15:53:18.052 [main] INFO  Listeners.ITest - Test Case testPartialUpdateBooking started
15:53:18.053 [main] INFO  Listeners.IInvokedMethodListenerImpl - Starting test method: testPartialUpdateBooking
15:53:18.053 [main] INFO  com.example.apitesting.tests.apis.PartialUpdateBookingTests - Partially updating booking ID: 1323 with payload: {firstname=Charlie, lastname=Doe}
15:53:18.054 [main] INFO  com.example.apitesting.api.RestClient - Sending PATCH request to: /booking/1323 with body: {firstname=Charlie, lastname=Doe} and token: badd78a20508161
Request method:	PATCH
Request URI:	https://restful-booker.herokuapp.com/booking/1323
Proxy:			<none>
Request params:	<none>
Query params:	<none>
Form params:	<none>
Path params:	<none>
Headers:		Accept=*/*
				Content-Type=application/json
Cookies:		token=badd78a20508161
Multiparts:		<none>
Body:
{
    "firstname": "Charlie",
    "lastname": "Doe"
}
15:53:19.086 [main] INFO  com.example.apitesting.api.RestClient - Received PATCH response: {"firstname":"Charlie","lastname":"Doe","totalprice":684,"depositpaid":false,"bookingdates":{"checkin":"2025-08-17","checkout":"2025-08-26"},"additionalneeds":"Breakfast"}
15:53:19.106 [main] INFO  com.example.apitesting.tests.apis.PartialUpdateBookingTests - Partial update successful for booking ID: 1323
15:53:19.107 [main] INFO  Listeners.ITest - Test Case testPartialUpdateBooking passed
]]></system-out>
  </testcase>
</testsuite>