<?xml version="1.0" encoding="UTF-8"?>
<!-- Generated by org.testng.reporters.JUnitReportReporter -->
<testsuite hostname="MohamedHamdy_29" failures="0" tests="1" name="com.example.apitesting.tests.apis.AuthTests" time="17.678" errors="0" timestamp="2025-08-17T15:53:19 EEST" skipped="0">
  <testcase classname="com.example.apitesting.tests.apis.AuthTests" name="testCreateToken" time="17.678"/>
</testsuite> <!-- com.example.apitesting.tests.apis.AuthTests -->
