<?xml version="1.0" encoding="UTF-8"?>
<!-- Generated by org.testng.reporters.JUnitReportReporter -->
<testsuite hostname="MohamedHamdy_29" failures="0" tests="2" name="com.example.apitesting.tests.apis.UpdateBookingTests" time="1.944" errors="0" timestamp="2025-08-17T15:53:19 EEST" skipped="0">
  <testcase classname="com.example.apitesting.tests.apis.UpdateBookingTests" name="testUpdateBooking" time="0.993"/>
  <testcase classname="com.example.apitesting.tests.apis.UpdateBookingTests" name="testUpdateBookingInvalidToken" time="0.951"/>
</testsuite> <!-- com.example.apitesting.tests.apis.UpdateBookingTests -->
