<?xml version="1.0" encoding="UTF-8"?>
<!-- Generated by org.testng.reporters.JUnitReportReporter -->
<testsuite hostname="MohamedHamdy_29" failures="0" tests="1" name="com.example.apitesting.tests.E2ETests" time="6.388" errors="0" timestamp="2025-08-17T15:53:19 EEST" skipped="0">
  <testcase classname="com.example.apitesting.tests.E2ETests" name="testBookingLifecycle" time="6.388"/>
</testsuite> <!-- com.example.apitesting.tests.E2ETests -->
