<?xml version="1.0" encoding="UTF-8"?>
<!-- Generated by org.testng.reporters.JUnitReportReporter -->
<testsuite hostname="MohamedHamdy_29" failures="0" tests="7" name="com.example.apitesting.tests.ErrorScenarioTests" time="6.247" errors="0" timestamp="2025-08-17T15:53:19 EEST" skipped="0">
  <testcase classname="com.example.apitesting.tests.ErrorScenarioTests" name="testGetNonExistentBooking" time="0.882"/>
  <testcase classname="com.example.apitesting.tests.ErrorScenarioTests" name="testUpdateNonExistentBooking" time="0.863"/>
  <testcase classname="com.example.apitesting.tests.ErrorScenarioTests" name="testAuthWithInvalidCredentials" time="0.920"/>
  <testcase classname="com.example.apitesting.tests.ErrorScenarioTests" name="testDeleteBookingWithInvalidToken" time="0.894"/>
  <testcase classname="com.example.apitesting.tests.ErrorScenarioTests" name="testUpdateBookingWithInvalidToken" time="0.902"/>
  <testcase classname="com.example.apitesting.tests.ErrorScenarioTests" name="testCreateBookingInvalidJson" time="0.896"/>
  <testcase classname="com.example.apitesting.tests.ErrorScenarioTests" name="testDeleteNonExistentBooking" time="0.890"/>
</testsuite> <!-- com.example.apitesting.tests.ErrorScenarioTests -->
