<?xml version="1.0" encoding="UTF-8"?>
<!-- Generated by org.testng.reporters.JUnitReportReporter -->
<testsuite hostname="MohamedHamdy_29" failures="0" tests="2" name="com.example.apitesting.tests.apis.GetBookingTests" time="3.397" errors="0" timestamp="2025-08-17T15:53:19 EEST" skipped="0">
  <testcase classname="com.example.apitesting.tests.apis.GetBookingTests" name="testGetBookingById" time="1.946"/>
  <testcase classname="com.example.apitesting.tests.apis.GetBookingTests" name="testGetAllBookingIds" time="1.451"/>
</testsuite> <!-- com.example.apitesting.tests.apis.GetBookingTests -->
